2024-11-29 17:42:00.751 [main] INFO  o.g.d.DiceNetworkApplication - Starting DiceNetworkApplication using Java 17.0.11 with PID 18224 (D:\Project\IdeaProjects\DiceNetwork\target\classes started by 15958 in D:\Project\IdeaProjects\DiceNetwork)
2024-11-29 17:42:00.753 [main] INFO  o.g.d.DiceNetworkApplication - No active profile set, falling back to 1 default profile: "default"
2024-11-29 17:42:01.099 [main] INFO  o.s.d.r.c.RepositoryConfigurationDelegate - Bootstrapping Spring Data JPA repositories in DEFAULT mode.
2024-11-29 17:42:01.111 [main] INFO  o.s.d.r.c.RepositoryConfigurationDelegate - Finished Spring Data repository scanning in 9 ms. Found 0 JPA repository interfaces.
2024-11-29 17:42:01.303 [main] INFO  com.zaxxer.hikari.HikariDataSource - HikariPool-1 - Starting...
2024-11-29 17:42:01.384 [main] INFO  com.zaxxer.hikari.pool.HikariPool - HikariPool-1 - Added connection com.mysql.cj.jdbc.ConnectionImpl@6b6eae52
2024-11-29 17:42:01.385 [main] INFO  com.zaxxer.hikari.HikariDataSource - HikariPool-1 - Start completed.
2024-11-29 17:42:01.406 [main] INFO  o.h.jpa.internal.util.LogHelper - HHH000204: Processing PersistenceUnitInfo [name: default]
2024-11-29 17:42:01.436 [main] INFO  org.hibernate.Version - HHH000412: Hibernate ORM core version 6.1.6.Final
2024-11-29 17:42:01.546 [main] WARN  org.hibernate.orm.deprecation - HHH90000021: Encountered deprecated setting [javax.persistence.sharedCache.mode], use [jakarta.persistence.sharedCache.mode] instead
2024-11-29 17:42:01.638 [main] INFO  SQL dialect - HHH000400: Using dialect: org.hibernate.dialect.MySQLDialect
2024-11-29 17:42:01.799 [main] INFO  o.h.e.t.j.p.i.JtaPlatformInitiator - HHH000490: Using JtaPlatform implementation: [org.hibernate.engine.transaction.jta.platform.internal.NoJtaPlatform]
2024-11-29 17:42:01.806 [main] INFO  o.s.o.j.LocalContainerEntityManagerFactoryBean - Initialized JPA EntityManagerFactory for persistence unit 'default'
2024-11-29 17:42:01.942 [main] WARN  c.b.m.core.injector.methods.Insert - [org.gpd.dicenetwork.lotteryHash.mapper.LotteryHashMapper.insert] Has been loaded by XML or SqlProvider or Mybatis's Annotation, so ignoring this injection for [class com.baomidou.mybatisplus.core.injector.methods.Insert]
2024-11-29 17:42:01.958 [main] WARN  c.b.m.c.injector.methods.SelectList - [org.gpd.dicenetwork.lotteryHash.mapper.LotteryHashMapper.selectList] Has been loaded by XML or SqlProvider or Mybatis's Annotation, so ignoring this injection for [class com.baomidou.mybatisplus.core.injector.methods.SelectList]
2024-11-29 17:42:01.958 [main] WARN  c.b.m.c.injector.methods.DeleteById - [org.gpd.dicenetwork.lotteryHash.mapper.LotteryHashMapper.deleteById] Has been loaded by XML or SqlProvider or Mybatis's Annotation, so ignoring this injection for [class com.baomidou.mybatisplus.core.injector.methods.DeleteById]
2024-11-29 17:42:01.960 [main] WARN  c.b.m.c.injector.methods.UpdateById - [org.gpd.dicenetwork.lotteryHash.mapper.LotteryHashMapper.updateById] Has been loaded by XML or SqlProvider or Mybatis's Annotation, so ignoring this injection for [class com.baomidou.mybatisplus.core.injector.methods.UpdateById]
2024-11-29 17:42:01.960 [main] WARN  c.b.m.c.injector.methods.SelectById - [org.gpd.dicenetwork.lotteryHash.mapper.LotteryHashMapper.selectById] Has been loaded by XML or SqlProvider or Mybatis's Annotation, so ignoring this injection for [class com.baomidou.mybatisplus.core.injector.methods.SelectById]
2024-11-29 17:42:01.969 [main] WARN  c.b.m.core.injector.methods.Insert - [org.gpd.dicenetwork.lottery.mapper.LotteryListMapper.insert] Has been loaded by XML or SqlProvider or Mybatis's Annotation, so ignoring this injection for [class com.baomidou.mybatisplus.core.injector.methods.Insert]
2024-11-29 17:42:01.976 [main] WARN  c.b.m.c.injector.methods.SelectList - [org.gpd.dicenetwork.lottery.mapper.LotteryListMapper.selectList] Has been loaded by XML or SqlProvider or Mybatis's Annotation, so ignoring this injection for [class com.baomidou.mybatisplus.core.injector.methods.SelectList]
2024-11-29 17:42:01.976 [main] WARN  c.b.m.c.injector.methods.DeleteById - [org.gpd.dicenetwork.lottery.mapper.LotteryListMapper.deleteById] Has been loaded by XML or SqlProvider or Mybatis's Annotation, so ignoring this injection for [class com.baomidou.mybatisplus.core.injector.methods.DeleteById]
2024-11-29 17:42:01.977 [main] WARN  c.b.m.c.injector.methods.UpdateById - [org.gpd.dicenetwork.lottery.mapper.LotteryListMapper.updateById] Has been loaded by XML or SqlProvider or Mybatis's Annotation, so ignoring this injection for [class com.baomidou.mybatisplus.core.injector.methods.UpdateById]
2024-11-29 17:42:01.978 [main] WARN  c.b.m.c.injector.methods.SelectById - [org.gpd.dicenetwork.lottery.mapper.LotteryListMapper.selectById] Has been loaded by XML or SqlProvider or Mybatis's Annotation, so ignoring this injection for [class com.baomidou.mybatisplus.core.injector.methods.SelectById]
2024-11-29 17:42:01.985 [main] WARN  c.b.m.core.injector.methods.Insert - [org.gpd.dicenetwork.wallet.mapper.WalletMapper.insert] Has been loaded by XML or SqlProvider or Mybatis's Annotation, so ignoring this injection for [class com.baomidou.mybatisplus.core.injector.methods.Insert]
2024-11-29 17:42:01.996 [main] WARN  c.b.m.c.injector.methods.DeleteById - [org.gpd.dicenetwork.wallet.mapper.WalletMapper.deleteById] Has been loaded by XML or SqlProvider or Mybatis's Annotation, so ignoring this injection for [class com.baomidou.mybatisplus.core.injector.methods.DeleteById]
2024-11-29 17:42:01.998 [main] WARN  c.b.m.c.injector.methods.UpdateById - [org.gpd.dicenetwork.wallet.mapper.WalletMapper.updateById] Has been loaded by XML or SqlProvider or Mybatis's Annotation, so ignoring this injection for [class com.baomidou.mybatisplus.core.injector.methods.UpdateById]
2024-11-29 17:42:01.998 [main] WARN  c.b.m.c.injector.methods.SelectById - [org.gpd.dicenetwork.wallet.mapper.WalletMapper.selectById] Has been loaded by XML or SqlProvider or Mybatis's Annotation, so ignoring this injection for [class com.baomidou.mybatisplus.core.injector.methods.SelectById]
2024-11-29 17:42:02.211 [main] WARN  o.s.c.a.AnnotationConfigApplicationContext - Exception encountered during context initialization - cancelling refresh attempt: org.springframework.beans.factory.UnsatisfiedDependencyException: Error creating bean with name 'scheduledTask': Unsatisfied dependency expressed through field 'submit': Error creating bean with name 'submit': Injection of autowired dependencies failed
2024-11-29 17:42:02.217 [main] INFO  o.s.o.j.LocalContainerEntityManagerFactoryBean - Closing JPA EntityManagerFactory for persistence unit 'default'
2024-11-29 17:42:02.219 [main] INFO  com.zaxxer.hikari.HikariDataSource - HikariPool-1 - Shutdown initiated...
2024-11-29 17:42:02.224 [main] INFO  com.zaxxer.hikari.HikariDataSource - HikariPool-1 - Shutdown completed.
2024-11-29 17:42:02.231 [main] INFO  o.s.b.a.l.ConditionEvaluationReportLogger - 

Error starting ApplicationContext. To display the condition evaluation report re-run your application with 'debug' enabled.
2024-11-29 17:42:02.246 [main] ERROR o.s.boot.SpringApplication - Application run failed
org.springframework.beans.factory.UnsatisfiedDependencyException: Error creating bean with name 'scheduledTask': Unsatisfied dependency expressed through field 'submit': Error creating bean with name 'submit': Injection of autowired dependencies failed
	at org.springframework.beans.factory.annotation.AutowiredAnnotationBeanPostProcessor$AutowiredFieldElement.resolveFieldValue(AutowiredAnnotationBeanPostProcessor.java:712)
	at org.springframework.beans.factory.annotation.AutowiredAnnotationBeanPostProcessor$AutowiredFieldElement.inject(AutowiredAnnotationBeanPostProcessor.java:692)
	at org.springframework.beans.factory.annotation.InjectionMetadata.inject(InjectionMetadata.java:133)
	at org.springframework.beans.factory.annotation.AutowiredAnnotationBeanPostProcessor.postProcessProperties(AutowiredAnnotationBeanPostProcessor.java:481)
	at org.springframework.beans.factory.support.AbstractAutowireCapableBeanFactory.populateBean(AbstractAutowireCapableBeanFactory.java:1397)
	at org.springframework.beans.factory.support.AbstractAutowireCapableBeanFactory.doCreateBean(AbstractAutowireCapableBeanFactory.java:598)
	at org.springframework.beans.factory.support.AbstractAutowireCapableBeanFactory.createBean(AbstractAutowireCapableBeanFactory.java:521)
	at org.springframework.beans.factory.support.AbstractBeanFactory.lambda$doGetBean$0(AbstractBeanFactory.java:326)
	at org.springframework.beans.factory.support.DefaultSingletonBeanRegistry.getSingleton(DefaultSingletonBeanRegistry.java:234)
	at org.springframework.beans.factory.support.AbstractBeanFactory.doGetBean(AbstractBeanFactory.java:324)
	at org.springframework.beans.factory.support.AbstractBeanFactory.getBean(AbstractBeanFactory.java:200)
	at org.springframework.beans.factory.support.DefaultListableBeanFactory.preInstantiateSingletons(DefaultListableBeanFactory.java:961)
	at org.springframework.context.support.AbstractApplicationContext.finishBeanFactoryInitialization(AbstractApplicationContext.java:915)
	at org.springframework.context.support.AbstractApplicationContext.refresh(AbstractApplicationContext.java:584)
	at org.springframework.boot.SpringApplication.refresh(SpringApplication.java:730)
	at org.springframework.boot.SpringApplication.refreshContext(SpringApplication.java:432)
	at org.springframework.boot.SpringApplication.run(SpringApplication.java:308)
	at org.springframework.boot.SpringApplication.run(SpringApplication.java:1302)
	at org.springframework.boot.SpringApplication.run(SpringApplication.java:1291)
	at org.gpd.dicenetwork.DiceNetworkApplication.main(DiceNetworkApplication.java:27)
Caused by: org.springframework.beans.factory.BeanCreationException: Error creating bean with name 'submit': Injection of autowired dependencies failed
	at org.springframework.beans.factory.annotation.AutowiredAnnotationBeanPostProcessor.postProcessProperties(AutowiredAnnotationBeanPostProcessor.java:487)
	at org.springframework.beans.factory.support.AbstractAutowireCapableBeanFactory.populateBean(AbstractAutowireCapableBeanFactory.java:1397)
	at org.springframework.beans.factory.support.AbstractAutowireCapableBeanFactory.doCreateBean(AbstractAutowireCapableBeanFactory.java:598)
	at org.springframework.beans.factory.support.AbstractAutowireCapableBeanFactory.createBean(AbstractAutowireCapableBeanFactory.java:521)
	at org.springframework.beans.factory.support.AbstractBeanFactory.lambda$doGetBean$0(AbstractBeanFactory.java:326)
	at org.springframework.beans.factory.support.DefaultSingletonBeanRegistry.getSingleton(DefaultSingletonBeanRegistry.java:234)
	at org.springframework.beans.factory.support.AbstractBeanFactory.doGetBean(AbstractBeanFactory.java:324)
	at org.springframework.beans.factory.support.AbstractBeanFactory.getBean(AbstractBeanFactory.java:200)
	at org.springframework.beans.factory.config.DependencyDescriptor.resolveCandidate(DependencyDescriptor.java:254)
	at org.springframework.beans.factory.support.DefaultListableBeanFactory.doResolveDependency(DefaultListableBeanFactory.java:1405)
	at org.springframework.beans.factory.support.DefaultListableBeanFactory.resolveDependency(DefaultListableBeanFactory.java:1325)
	at org.springframework.beans.factory.annotation.AutowiredAnnotationBeanPostProcessor$AutowiredFieldElement.resolveFieldValue(AutowiredAnnotationBeanPostProcessor.java:709)
	... 19 common frames omitted
Caused by: java.lang.IllegalArgumentException: Could not resolve placeholder 'submit.requestUrl' in value "${submit.requestUrl}"
	at org.springframework.util.PropertyPlaceholderHelper.parseStringValue(PropertyPlaceholderHelper.java:180)
	at org.springframework.util.PropertyPlaceholderHelper.replacePlaceholders(PropertyPlaceholderHelper.java:126)
	at org.springframework.core.env.AbstractPropertyResolver.doResolvePlaceholders(AbstractPropertyResolver.java:239)
	at org.springframework.core.env.AbstractPropertyResolver.resolveRequiredPlaceholders(AbstractPropertyResolver.java:210)
	at org.springframework.context.support.PropertySourcesPlaceholderConfigurer.lambda$processProperties$0(PropertySourcesPlaceholderConfigurer.java:191)
	at org.springframework.beans.factory.support.AbstractBeanFactory.resolveEmbeddedValue(AbstractBeanFactory.java:920)
	at org.springframework.beans.factory.support.DefaultListableBeanFactory.doResolveDependency(DefaultListableBeanFactory.java:1346)
	at org.springframework.beans.factory.support.DefaultListableBeanFactory.resolveDependency(DefaultListableBeanFactory.java:1325)
	at org.springframework.beans.factory.annotation.AutowiredAnnotationBeanPostProcessor$AutowiredFieldElement.resolveFieldValue(AutowiredAnnotationBeanPostProcessor.java:709)
	at org.springframework.beans.factory.annotation.AutowiredAnnotationBeanPostProcessor$AutowiredFieldElement.inject(AutowiredAnnotationBeanPostProcessor.java:692)
	at org.springframework.beans.factory.annotation.InjectionMetadata.inject(InjectionMetadata.java:133)
	at org.springframework.beans.factory.annotation.AutowiredAnnotationBeanPostProcessor.postProcessProperties(AutowiredAnnotationBeanPostProcessor.java:481)
	... 30 common frames omitted
2024-11-29 17:42:02.334 [nioEventLoopGroup-2-1] INFO  i.n.handler.logging.LoggingHandler - [id: 0x848eaee4] REGISTERED
2024-11-29 17:42:02.335 [nioEventLoopGroup-2-1] INFO  i.n.handler.logging.LoggingHandler - [id: 0x848eaee4] BIND: 0.0.0.0/0.0.0.0:8080
2024-11-29 17:42:02.336 [nioEventLoopGroup-2-1] INFO  i.n.handler.logging.LoggingHandler - [id: 0x848eaee4, L:/[0:0:0:0:0:0:0:0]:8080] ACTIVE
2024-11-29 17:42:02.337 [nioEventLoopGroup-2-1] INFO  i.n.handler.logging.LoggingHandler - [id: 0x848eaee4, L:/[0:0:0:0:0:0:0:0]:8080] INACTIVE
2024-11-29 17:42:02.337 [nioEventLoopGroup-2-1] INFO  i.n.handler.logging.LoggingHandler - [id: 0x848eaee4, L:/[0:0:0:0:0:0:0:0]:8080] UNREGISTERED
2024-11-29 17:42:51.511 [main] INFO  o.g.d.DiceNetworkApplication - Starting DiceNetworkApplication using Java 17.0.11 with PID 16224 (D:\Project\IdeaProjects\DiceNetwork\target\classes started by 15958 in D:\Project\IdeaProjects\DiceNetwork)
2024-11-29 17:42:51.513 [main] INFO  o.g.d.DiceNetworkApplication - No active profile set, falling back to 1 default profile: "default"
2024-11-29 17:42:51.907 [main] INFO  o.s.d.r.c.RepositoryConfigurationDelegate - Bootstrapping Spring Data JPA repositories in DEFAULT mode.
2024-11-29 17:42:51.918 [main] INFO  o.s.d.r.c.RepositoryConfigurationDelegate - Finished Spring Data repository scanning in 8 ms. Found 0 JPA repository interfaces.
2024-11-29 17:42:52.089 [main] INFO  com.zaxxer.hikari.HikariDataSource - HikariPool-1 - Starting...
2024-11-29 17:42:52.173 [main] INFO  com.zaxxer.hikari.pool.HikariPool - HikariPool-1 - Added connection com.mysql.cj.jdbc.ConnectionImpl@6274670b
2024-11-29 17:42:52.174 [main] INFO  com.zaxxer.hikari.HikariDataSource - HikariPool-1 - Start completed.
2024-11-29 17:42:52.198 [main] INFO  o.h.jpa.internal.util.LogHelper - HHH000204: Processing PersistenceUnitInfo [name: default]
2024-11-29 17:42:52.229 [main] INFO  org.hibernate.Version - HHH000412: Hibernate ORM core version 6.1.6.Final
2024-11-29 17:42:52.305 [main] WARN  org.hibernate.orm.deprecation - HHH90000021: Encountered deprecated setting [javax.persistence.sharedCache.mode], use [jakarta.persistence.sharedCache.mode] instead
2024-11-29 17:42:52.397 [main] INFO  SQL dialect - HHH000400: Using dialect: org.hibernate.dialect.MySQLDialect
2024-11-29 17:42:52.568 [main] INFO  o.h.e.t.j.p.i.JtaPlatformInitiator - HHH000490: Using JtaPlatform implementation: [org.hibernate.engine.transaction.jta.platform.internal.NoJtaPlatform]
2024-11-29 17:42:52.575 [main] INFO  o.s.o.j.LocalContainerEntityManagerFactoryBean - Initialized JPA EntityManagerFactory for persistence unit 'default'
2024-11-29 17:42:52.691 [main] WARN  c.b.m.core.injector.methods.Insert - [org.gpd.dicenetwork.lotteryHash.mapper.LotteryHashMapper.insert] Has been loaded by XML or SqlProvider or Mybatis's Annotation, so ignoring this injection for [class com.baomidou.mybatisplus.core.injector.methods.Insert]
2024-11-29 17:42:52.700 [main] WARN  c.b.m.c.injector.methods.SelectList - [org.gpd.dicenetwork.lotteryHash.mapper.LotteryHashMapper.selectList] Has been loaded by XML or SqlProvider or Mybatis's Annotation, so ignoring this injection for [class com.baomidou.mybatisplus.core.injector.methods.SelectList]
2024-11-29 17:42:52.700 [main] WARN  c.b.m.c.injector.methods.DeleteById - [org.gpd.dicenetwork.lotteryHash.mapper.LotteryHashMapper.deleteById] Has been loaded by XML or SqlProvider or Mybatis's Annotation, so ignoring this injection for [class com.baomidou.mybatisplus.core.injector.methods.DeleteById]
2024-11-29 17:42:52.701 [main] WARN  c.b.m.c.injector.methods.UpdateById - [org.gpd.dicenetwork.lotteryHash.mapper.LotteryHashMapper.updateById] Has been loaded by XML or SqlProvider or Mybatis's Annotation, so ignoring this injection for [class com.baomidou.mybatisplus.core.injector.methods.UpdateById]
2024-11-29 17:42:52.703 [main] WARN  c.b.m.c.injector.methods.SelectById - [org.gpd.dicenetwork.lotteryHash.mapper.LotteryHashMapper.selectById] Has been loaded by XML or SqlProvider or Mybatis's Annotation, so ignoring this injection for [class com.baomidou.mybatisplus.core.injector.methods.SelectById]
2024-11-29 17:42:52.710 [main] WARN  c.b.m.core.injector.methods.Insert - [org.gpd.dicenetwork.lottery.mapper.LotteryListMapper.insert] Has been loaded by XML or SqlProvider or Mybatis's Annotation, so ignoring this injection for [class com.baomidou.mybatisplus.core.injector.methods.Insert]
2024-11-29 17:42:52.716 [main] WARN  c.b.m.c.injector.methods.SelectList - [org.gpd.dicenetwork.lottery.mapper.LotteryListMapper.selectList] Has been loaded by XML or SqlProvider or Mybatis's Annotation, so ignoring this injection for [class com.baomidou.mybatisplus.core.injector.methods.SelectList]
2024-11-29 17:42:52.716 [main] WARN  c.b.m.c.injector.methods.DeleteById - [org.gpd.dicenetwork.lottery.mapper.LotteryListMapper.deleteById] Has been loaded by XML or SqlProvider or Mybatis's Annotation, so ignoring this injection for [class com.baomidou.mybatisplus.core.injector.methods.DeleteById]
2024-11-29 17:42:52.719 [main] WARN  c.b.m.c.injector.methods.UpdateById - [org.gpd.dicenetwork.lottery.mapper.LotteryListMapper.updateById] Has been loaded by XML or SqlProvider or Mybatis's Annotation, so ignoring this injection for [class com.baomidou.mybatisplus.core.injector.methods.UpdateById]
2024-11-29 17:42:52.719 [main] WARN  c.b.m.c.injector.methods.SelectById - [org.gpd.dicenetwork.lottery.mapper.LotteryListMapper.selectById] Has been loaded by XML or SqlProvider or Mybatis's Annotation, so ignoring this injection for [class com.baomidou.mybatisplus.core.injector.methods.SelectById]
2024-11-29 17:42:52.734 [main] WARN  c.b.m.core.injector.methods.Insert - [org.gpd.dicenetwork.wallet.mapper.WalletMapper.insert] Has been loaded by XML or SqlProvider or Mybatis's Annotation, so ignoring this injection for [class com.baomidou.mybatisplus.core.injector.methods.Insert]
2024-11-29 17:42:52.738 [main] WARN  c.b.m.c.injector.methods.DeleteById - [org.gpd.dicenetwork.wallet.mapper.WalletMapper.deleteById] Has been loaded by XML or SqlProvider or Mybatis's Annotation, so ignoring this injection for [class com.baomidou.mybatisplus.core.injector.methods.DeleteById]
2024-11-29 17:42:52.738 [main] WARN  c.b.m.c.injector.methods.UpdateById - [org.gpd.dicenetwork.wallet.mapper.WalletMapper.updateById] Has been loaded by XML or SqlProvider or Mybatis's Annotation, so ignoring this injection for [class com.baomidou.mybatisplus.core.injector.methods.UpdateById]
2024-11-29 17:42:52.738 [main] WARN  c.b.m.c.injector.methods.SelectById - [org.gpd.dicenetwork.wallet.mapper.WalletMapper.selectById] Has been loaded by XML or SqlProvider or Mybatis's Annotation, so ignoring this injection for [class com.baomidou.mybatisplus.core.injector.methods.SelectById]
2024-11-29 17:42:52.909 [main] WARN  o.s.c.a.AnnotationConfigApplicationContext - Exception encountered during context initialization - cancelling refresh attempt: org.springframework.beans.factory.UnsatisfiedDependencyException: Error creating bean with name 'scheduledTask': Unsatisfied dependency expressed through field 'submit': Error creating bean with name 'submit': Injection of autowired dependencies failed
2024-11-29 17:42:52.916 [main] INFO  o.s.o.j.LocalContainerEntityManagerFactoryBean - Closing JPA EntityManagerFactory for persistence unit 'default'
2024-11-29 17:42:52.918 [main] INFO  com.zaxxer.hikari.HikariDataSource - HikariPool-1 - Shutdown initiated...
2024-11-29 17:42:52.922 [main] INFO  com.zaxxer.hikari.HikariDataSource - HikariPool-1 - Shutdown completed.
2024-11-29 17:42:52.929 [main] INFO  o.s.b.a.l.ConditionEvaluationReportLogger - 

Error starting ApplicationContext. To display the condition evaluation report re-run your application with 'debug' enabled.
2024-11-29 17:42:52.940 [main] ERROR o.s.boot.SpringApplication - Application run failed
org.springframework.beans.factory.UnsatisfiedDependencyException: Error creating bean with name 'scheduledTask': Unsatisfied dependency expressed through field 'submit': Error creating bean with name 'submit': Injection of autowired dependencies failed
	at org.springframework.beans.factory.annotation.AutowiredAnnotationBeanPostProcessor$AutowiredFieldElement.resolveFieldValue(AutowiredAnnotationBeanPostProcessor.java:712)
	at org.springframework.beans.factory.annotation.AutowiredAnnotationBeanPostProcessor$AutowiredFieldElement.inject(AutowiredAnnotationBeanPostProcessor.java:692)
	at org.springframework.beans.factory.annotation.InjectionMetadata.inject(InjectionMetadata.java:133)
	at org.springframework.beans.factory.annotation.AutowiredAnnotationBeanPostProcessor.postProcessProperties(AutowiredAnnotationBeanPostProcessor.java:481)
	at org.springframework.beans.factory.support.AbstractAutowireCapableBeanFactory.populateBean(AbstractAutowireCapableBeanFactory.java:1397)
	at org.springframework.beans.factory.support.AbstractAutowireCapableBeanFactory.doCreateBean(AbstractAutowireCapableBeanFactory.java:598)
	at org.springframework.beans.factory.support.AbstractAutowireCapableBeanFactory.createBean(AbstractAutowireCapableBeanFactory.java:521)
	at org.springframework.beans.factory.support.AbstractBeanFactory.lambda$doGetBean$0(AbstractBeanFactory.java:326)
	at org.springframework.beans.factory.support.DefaultSingletonBeanRegistry.getSingleton(DefaultSingletonBeanRegistry.java:234)
	at org.springframework.beans.factory.support.AbstractBeanFactory.doGetBean(AbstractBeanFactory.java:324)
	at org.springframework.beans.factory.support.AbstractBeanFactory.getBean(AbstractBeanFactory.java:200)
	at org.springframework.beans.factory.support.DefaultListableBeanFactory.preInstantiateSingletons(DefaultListableBeanFactory.java:961)
	at org.springframework.context.support.AbstractApplicationContext.finishBeanFactoryInitialization(AbstractApplicationContext.java:915)
	at org.springframework.context.support.AbstractApplicationContext.refresh(AbstractApplicationContext.java:584)
	at org.springframework.boot.SpringApplication.refresh(SpringApplication.java:730)
	at org.springframework.boot.SpringApplication.refreshContext(SpringApplication.java:432)
	at org.springframework.boot.SpringApplication.run(SpringApplication.java:308)
	at org.springframework.boot.SpringApplication.run(SpringApplication.java:1302)
	at org.springframework.boot.SpringApplication.run(SpringApplication.java:1291)
	at org.gpd.dicenetwork.DiceNetworkApplication.main(DiceNetworkApplication.java:27)
Caused by: org.springframework.beans.factory.BeanCreationException: Error creating bean with name 'submit': Injection of autowired dependencies failed
	at org.springframework.beans.factory.annotation.AutowiredAnnotationBeanPostProcessor.postProcessProperties(AutowiredAnnotationBeanPostProcessor.java:487)
	at org.springframework.beans.factory.support.AbstractAutowireCapableBeanFactory.populateBean(AbstractAutowireCapableBeanFactory.java:1397)
	at org.springframework.beans.factory.support.AbstractAutowireCapableBeanFactory.doCreateBean(AbstractAutowireCapableBeanFactory.java:598)
	at org.springframework.beans.factory.support.AbstractAutowireCapableBeanFactory.createBean(AbstractAutowireCapableBeanFactory.java:521)
	at org.springframework.beans.factory.support.AbstractBeanFactory.lambda$doGetBean$0(AbstractBeanFactory.java:326)
	at org.springframework.beans.factory.support.DefaultSingletonBeanRegistry.getSingleton(DefaultSingletonBeanRegistry.java:234)
	at org.springframework.beans.factory.support.AbstractBeanFactory.doGetBean(AbstractBeanFactory.java:324)
	at org.springframework.beans.factory.support.AbstractBeanFactory.getBean(AbstractBeanFactory.java:200)
	at org.springframework.beans.factory.config.DependencyDescriptor.resolveCandidate(DependencyDescriptor.java:254)
	at org.springframework.beans.factory.support.DefaultListableBeanFactory.doResolveDependency(DefaultListableBeanFactory.java:1405)
	at org.springframework.beans.factory.support.DefaultListableBeanFactory.resolveDependency(DefaultListableBeanFactory.java:1325)
	at org.springframework.beans.factory.annotation.AutowiredAnnotationBeanPostProcessor$AutowiredFieldElement.resolveFieldValue(AutowiredAnnotationBeanPostProcessor.java:709)
	... 19 common frames omitted
Caused by: java.lang.IllegalArgumentException: Could not resolve placeholder 'submit.requestUrl' in value "${submit.requestUrl}"
	at org.springframework.util.PropertyPlaceholderHelper.parseStringValue(PropertyPlaceholderHelper.java:180)
	at org.springframework.util.PropertyPlaceholderHelper.replacePlaceholders(PropertyPlaceholderHelper.java:126)
	at org.springframework.core.env.AbstractPropertyResolver.doResolvePlaceholders(AbstractPropertyResolver.java:239)
	at org.springframework.core.env.AbstractPropertyResolver.resolveRequiredPlaceholders(AbstractPropertyResolver.java:210)
	at org.springframework.context.support.PropertySourcesPlaceholderConfigurer.lambda$processProperties$0(PropertySourcesPlaceholderConfigurer.java:191)
	at org.springframework.beans.factory.support.AbstractBeanFactory.resolveEmbeddedValue(AbstractBeanFactory.java:920)
	at org.springframework.beans.factory.support.DefaultListableBeanFactory.doResolveDependency(DefaultListableBeanFactory.java:1346)
	at org.springframework.beans.factory.support.DefaultListableBeanFactory.resolveDependency(DefaultListableBeanFactory.java:1325)
	at org.springframework.beans.factory.annotation.AutowiredAnnotationBeanPostProcessor$AutowiredFieldElement.resolveFieldValue(AutowiredAnnotationBeanPostProcessor.java:709)
	at org.springframework.beans.factory.annotation.AutowiredAnnotationBeanPostProcessor$AutowiredFieldElement.inject(AutowiredAnnotationBeanPostProcessor.java:692)
	at org.springframework.beans.factory.annotation.InjectionMetadata.inject(InjectionMetadata.java:133)
	at org.springframework.beans.factory.annotation.AutowiredAnnotationBeanPostProcessor.postProcessProperties(AutowiredAnnotationBeanPostProcessor.java:481)
	... 30 common frames omitted
2024-11-29 17:42:53.032 [nioEventLoopGroup-2-1] INFO  i.n.handler.logging.LoggingHandler - [id: 0xb2f195fe] REGISTERED
2024-11-29 17:42:53.032 [nioEventLoopGroup-2-1] INFO  i.n.handler.logging.LoggingHandler - [id: 0xb2f195fe] BIND: 0.0.0.0/0.0.0.0:8080
2024-11-29 17:42:53.033 [nioEventLoopGroup-2-1] INFO  i.n.handler.logging.LoggingHandler - [id: 0xb2f195fe, L:/[0:0:0:0:0:0:0:0]:8080] ACTIVE
2024-11-29 17:42:53.033 [nioEventLoopGroup-2-1] INFO  i.n.handler.logging.LoggingHandler - [id: 0xb2f195fe, L:/[0:0:0:0:0:0:0:0]:8080] INACTIVE
2024-11-29 17:42:53.033 [nioEventLoopGroup-2-1] INFO  i.n.handler.logging.LoggingHandler - [id: 0xb2f195fe, L:/[0:0:0:0:0:0:0:0]:8080] UNREGISTERED
2024-11-29 17:43:35.905 [main] INFO  o.g.d.DiceNetworkApplication - Starting DiceNetworkApplication using Java 17.0.11 with PID 34804 (D:\Project\IdeaProjects\DiceNetwork\target\classes started by 15958 in D:\Project\IdeaProjects\DiceNetwork)
2024-11-29 17:43:35.908 [main] INFO  o.g.d.DiceNetworkApplication - No active profile set, falling back to 1 default profile: "default"
2024-11-29 17:43:36.319 [main] INFO  o.s.d.r.c.RepositoryConfigurationDelegate - Bootstrapping Spring Data JPA repositories in DEFAULT mode.
2024-11-29 17:43:36.330 [main] INFO  o.s.d.r.c.RepositoryConfigurationDelegate - Finished Spring Data repository scanning in 8 ms. Found 0 JPA repository interfaces.
2024-11-29 17:43:36.492 [main] INFO  com.zaxxer.hikari.HikariDataSource - HikariPool-1 - Starting...
2024-11-29 17:43:36.574 [main] INFO  com.zaxxer.hikari.pool.HikariPool - HikariPool-1 - Added connection com.mysql.cj.jdbc.ConnectionImpl@5d0b0cb9
2024-11-29 17:43:36.576 [main] INFO  com.zaxxer.hikari.HikariDataSource - HikariPool-1 - Start completed.
2024-11-29 17:43:36.601 [main] INFO  o.h.jpa.internal.util.LogHelper - HHH000204: Processing PersistenceUnitInfo [name: default]
2024-11-29 17:43:36.624 [main] INFO  org.hibernate.Version - HHH000412: Hibernate ORM core version 6.1.6.Final
2024-11-29 17:43:36.716 [main] WARN  org.hibernate.orm.deprecation - HHH90000021: Encountered deprecated setting [javax.persistence.sharedCache.mode], use [jakarta.persistence.sharedCache.mode] instead
2024-11-29 17:43:36.806 [main] INFO  SQL dialect - HHH000400: Using dialect: org.hibernate.dialect.MySQLDialect
2024-11-29 17:43:36.962 [main] INFO  o.h.e.t.j.p.i.JtaPlatformInitiator - HHH000490: Using JtaPlatform implementation: [org.hibernate.engine.transaction.jta.platform.internal.NoJtaPlatform]
2024-11-29 17:43:36.969 [main] INFO  o.s.o.j.LocalContainerEntityManagerFactoryBean - Initialized JPA EntityManagerFactory for persistence unit 'default'
2024-11-29 17:43:37.086 [main] WARN  c.b.m.core.injector.methods.Insert - [org.gpd.dicenetwork.lotteryHash.mapper.LotteryHashMapper.insert] Has been loaded by XML or SqlProvider or Mybatis's Annotation, so ignoring this injection for [class com.baomidou.mybatisplus.core.injector.methods.Insert]
2024-11-29 17:43:37.102 [main] WARN  c.b.m.c.injector.methods.SelectList - [org.gpd.dicenetwork.lotteryHash.mapper.LotteryHashMapper.selectList] Has been loaded by XML or SqlProvider or Mybatis's Annotation, so ignoring this injection for [class com.baomidou.mybatisplus.core.injector.methods.SelectList]
2024-11-29 17:43:37.102 [main] WARN  c.b.m.c.injector.methods.DeleteById - [org.gpd.dicenetwork.lotteryHash.mapper.LotteryHashMapper.deleteById] Has been loaded by XML or SqlProvider or Mybatis's Annotation, so ignoring this injection for [class com.baomidou.mybatisplus.core.injector.methods.DeleteById]
2024-11-29 17:43:37.105 [main] WARN  c.b.m.c.injector.methods.UpdateById - [org.gpd.dicenetwork.lotteryHash.mapper.LotteryHashMapper.updateById] Has been loaded by XML or SqlProvider or Mybatis's Annotation, so ignoring this injection for [class com.baomidou.mybatisplus.core.injector.methods.UpdateById]
2024-11-29 17:43:37.105 [main] WARN  c.b.m.c.injector.methods.SelectById - [org.gpd.dicenetwork.lotteryHash.mapper.LotteryHashMapper.selectById] Has been loaded by XML or SqlProvider or Mybatis's Annotation, so ignoring this injection for [class com.baomidou.mybatisplus.core.injector.methods.SelectById]
2024-11-29 17:43:37.113 [main] WARN  c.b.m.core.injector.methods.Insert - [org.gpd.dicenetwork.lottery.mapper.LotteryListMapper.insert] Has been loaded by XML or SqlProvider or Mybatis's Annotation, so ignoring this injection for [class com.baomidou.mybatisplus.core.injector.methods.Insert]
2024-11-29 17:43:37.117 [main] WARN  c.b.m.c.injector.methods.SelectList - [org.gpd.dicenetwork.lottery.mapper.LotteryListMapper.selectList] Has been loaded by XML or SqlProvider or Mybatis's Annotation, so ignoring this injection for [class com.baomidou.mybatisplus.core.injector.methods.SelectList]
2024-11-29 17:43:37.117 [main] WARN  c.b.m.c.injector.methods.DeleteById - [org.gpd.dicenetwork.lottery.mapper.LotteryListMapper.deleteById] Has been loaded by XML or SqlProvider or Mybatis's Annotation, so ignoring this injection for [class com.baomidou.mybatisplus.core.injector.methods.DeleteById]
2024-11-29 17:43:37.118 [main] WARN  c.b.m.c.injector.methods.UpdateById - [org.gpd.dicenetwork.lottery.mapper.LotteryListMapper.updateById] Has been loaded by XML or SqlProvider or Mybatis's Annotation, so ignoring this injection for [class com.baomidou.mybatisplus.core.injector.methods.UpdateById]
2024-11-29 17:43:37.119 [main] WARN  c.b.m.c.injector.methods.SelectById - [org.gpd.dicenetwork.lottery.mapper.LotteryListMapper.selectById] Has been loaded by XML or SqlProvider or Mybatis's Annotation, so ignoring this injection for [class com.baomidou.mybatisplus.core.injector.methods.SelectById]
2024-11-29 17:43:37.125 [main] WARN  c.b.m.core.injector.methods.Insert - [org.gpd.dicenetwork.wallet.mapper.WalletMapper.insert] Has been loaded by XML or SqlProvider or Mybatis's Annotation, so ignoring this injection for [class com.baomidou.mybatisplus.core.injector.methods.Insert]
2024-11-29 17:43:37.128 [main] WARN  c.b.m.c.injector.methods.DeleteById - [org.gpd.dicenetwork.wallet.mapper.WalletMapper.deleteById] Has been loaded by XML or SqlProvider or Mybatis's Annotation, so ignoring this injection for [class com.baomidou.mybatisplus.core.injector.methods.DeleteById]
2024-11-29 17:43:37.129 [main] WARN  c.b.m.c.injector.methods.UpdateById - [org.gpd.dicenetwork.wallet.mapper.WalletMapper.updateById] Has been loaded by XML or SqlProvider or Mybatis's Annotation, so ignoring this injection for [class com.baomidou.mybatisplus.core.injector.methods.UpdateById]
2024-11-29 17:43:37.129 [main] WARN  c.b.m.c.injector.methods.SelectById - [org.gpd.dicenetwork.wallet.mapper.WalletMapper.selectById] Has been loaded by XML or SqlProvider or Mybatis's Annotation, so ignoring this injection for [class com.baomidou.mybatisplus.core.injector.methods.SelectById]
2024-11-29 17:43:37.331 [nioEventLoopGroup-2-1] INFO  i.n.handler.logging.LoggingHandler - [id: 0x3b031236] REGISTERED
2024-11-29 17:43:37.332 [nioEventLoopGroup-2-1] INFO  i.n.handler.logging.LoggingHandler - [id: 0x3b031236] BIND: 0.0.0.0/0.0.0.0:8080
2024-11-29 17:43:37.333 [nioEventLoopGroup-2-1] INFO  i.n.handler.logging.LoggingHandler - [id: 0x3b031236, L:/[0:0:0:0:0:0:0:0]:8080] ACTIVE
2024-11-29 17:43:37.544 [main] INFO  o.g.d.DiceNetworkApplication - Started DiceNetworkApplication in 1.872 seconds (process running for 2.134)
